<?xml version="1.0" encoding="UTF-8"?>
<!-- Generated by org.testng.reporters.JUnitXMLReporter -->
<testsuite hostname="Macbooks-MacBook-Pro.local" ignored="0" name="Default test" tests="3" failures="0" timestamp="2020-06-04T18:13:55 MST" time="0.034" errors="0">
  <testcase name="addERmp" time="0.005" classname="com.hrms.testcases.DataProDemo"/>
  <testcase name="addERmp" time="0.001" classname="com.hrms.testcases.DataProDemo"/>
  <testcase name="addERmp" time="0.001" classname="com.hrms.testcases.DataProDemo"/>
</testsuite> <!-- Default test -->
