<?xml version="1.0" encoding="UTF-8"?>
<!-- Generated by org.testng.reporters.JUnitXMLReporter -->
<testsuite hostname="Macbooks-MacBook-Pro.local" ignored="7" name="Smoke Test" tests="2" failures="0" timestamp="2020-06-04T14:34:21 MST" time="37.655" errors="0">
  <testcase name="report" time="23.501" classname="com.hrms.testcases.Definereport"/>
  <testcase name="validAdminLogin" time="2.046" classname="com.hrms.testcases.LoginTest"/>
  <testcase name="@BeforeTest generateReport" time="0.0" classname="com.hrms.testbase.BaseClass">
    <ignored/>
  </testcase> <!-- @BeforeTest generateReport -->
  <testcase name="@BeforeTest generateReport" time="0.0" classname="com.hrms.testbase.BaseClass">
    <ignored/>
  </testcase> <!-- @BeforeTest generateReport -->
  <testcase name="addEmployee" time="0.0" classname="com.hrms.testcases.AddEmployeeTest">
    <ignored/>
  </testcase> <!-- addEmployee -->
  <testcase name="@AfterTest writeReport" time="0.0" classname="com.hrms.testbase.BaseClass">
    <ignored/>
  </testcase> <!-- @AfterTest writeReport -->
  <testcase name="@AfterTest writeReport" time="0.0" classname="com.hrms.testbase.BaseClass">
    <ignored/>
  </testcase> <!-- @AfterTest writeReport -->
  <testcase name="invalidPasswordLogin" time="0.0" classname="com.hrms.testcases.LoginTest">
    <ignored/>
  </testcase> <!-- invalidPasswordLogin -->
  <testcase name="emptyUsernameLogin" time="0.0" classname="com.hrms.testcases.LoginTest">
    <ignored/>
  </testcase> <!-- emptyUsernameLogin -->
</testsuite> <!-- Smoke Test -->
