<?xml version="1.0" encoding="UTF-8"?>
<!-- Generated by org.testng.reporters.JUnitXMLReporter -->
<testsuite hostname="Macbooks-MacBook-Pro.local" ignored="3" name="Regression Test" tests="5" failures="0" timestamp="2020-05-31T19:58:53 MST" time="54.621" errors="0">
  <testcase name="emptyUsernameLogin" time="0.33" classname="com.hrms.testcases.LoginTest"/>
  <testcase name="invalidPasswordLogin" time="0.966" classname="com.hrms.testcases.LoginTest"/>
  <testcase name="addEmployee" time="8.694" classname="com.hrms.testcases.AddEmployeeTest"/>
  <testcase name="addEmployee" time="8.094" classname="com.hrms.testcases.AddEmployeeTest"/>
  <testcase name="addEmployee" time="8.189" classname="com.hrms.testcases.AddEmployeeTest"/>
  <testcase name="@BeforeTest generateReport" time="0.0" classname="com.hrms.testbase.BaseClass">
    <ignored/>
  </testcase> <!-- @BeforeTest generateReport -->
  <testcase name="@AfterTest writeReport" time="0.0" classname="com.hrms.testbase.BaseClass">
    <ignored/>
  </testcase> <!-- @AfterTest writeReport -->
  <testcase name="validAdminLogin" time="0.0" classname="com.hrms.testcases.LoginTest">
    <ignored/>
  </testcase> <!-- validAdminLogin -->
</testsuite> <!-- Regression Test -->
