<?xml version="1.0" encoding="UTF-8"?>
<testng-results skipped="0" failed="0" ignored="8" total="9" passed="1">
  <reporter-output>
  </reporter-output>
  <suite name="Smoke Suite" duration-ms="9811" started-at="2020-06-02T18:06:51 MST" finished-at="2020-06-02T18:07:00 MST">
    <groups>
      <group name="smoke">
        <method signature="LoginTest.validAdminLogin()[pri:0, instance:com.hrms.testcases.LoginTest@6325a3ee]" name="validAdminLogin" class="com.hrms.testcases.LoginTest"/>
      </group> <!-- smoke -->
    </groups>
    <test name="Smoke Test" duration-ms="9811" started-at="2020-06-02T18:06:51 MST" finished-at="2020-06-02T18:07:00 MST">
      <class name="com.hrms.testcases.LoginTest">
        <test-method status="PASS" signature="setUp()[pri:0, instance:com.hrms.testcases.LoginTest@6325a3ee]" name="setUp" is-config="true" duration-ms="2524" started-at="2020-06-02T18:06:51 MST" finished-at="2020-06-02T18:06:53 MST">
          <reporter-output>
          </reporter-output>
        </test-method> <!-- setUp -->
        <test-method status="PASS" signature="validAdminLogin()[pri:0, instance:com.hrms.testcases.LoginTest@6325a3ee]" name="validAdminLogin" duration-ms="2606" started-at="2020-06-02T18:06:53 MST" finished-at="2020-06-02T18:06:56 MST">
          <reporter-output>
          </reporter-output>
        </test-method> <!-- validAdminLogin -->
        <test-method status="PASS" signature="tearDown()[pri:0, instance:com.hrms.testcases.LoginTest@6325a3ee]" name="tearDown" is-config="true" duration-ms="3089" started-at="2020-06-02T18:06:57 MST" finished-at="2020-06-02T18:07:00 MST">
          <reporter-output>
          </reporter-output>
        </test-method> <!-- tearDown -->
      </class> <!-- com.hrms.testcases.LoginTest -->
      <class name="com.hrms.testcases.Definereport">
        <test-method status="PASS" signature="generateReport()[pri:0, instance:com.hrms.testcases.Definereport@5a8e6209]" name="generateReport" is-config="true" duration-ms="77" started-at="2020-06-02T18:06:51 MST" finished-at="2020-06-02T18:06:51 MST">
          <reporter-output>
          </reporter-output>
        </test-method> <!-- generateReport -->
        <test-method status="PASS" signature="writeReport()[pri:0, instance:com.hrms.testcases.Definereport@5a8e6209]" name="writeReport" is-config="true" duration-ms="207" started-at="2020-06-02T18:07:00 MST" finished-at="2020-06-02T18:07:00 MST">
          <reporter-output>
          </reporter-output>
        </test-method> <!-- writeReport -->
      </class> <!-- com.hrms.testcases.Definereport -->
    </test> <!-- Smoke Test -->
  </suite> <!-- Smoke Suite -->
</testng-results>
