<?xml version="1.0" encoding="UTF-8"?>
<testng-results skipped="0" failed="0" ignored="0" total="3" passed="3">
  <reporter-output>
  </reporter-output>
  <suite name="Default suite" duration-ms="34" started-at="2020-06-04T18:13:55 MST" finished-at="2020-06-04T18:13:55 MST">
    <groups>
    </groups>
    <test name="Default test" duration-ms="34" started-at="2020-06-04T18:13:55 MST" finished-at="2020-06-04T18:13:55 MST">
      <class name="com.hrms.testcases.DataProDemo">
        <test-method status="PASS" signature="addERmp(java.lang.String, java.lang.String, java.lang.String)[pri:0, instance:com.hrms.testcases.DataProDemo@48503868]" name="addERmp" duration-ms="5" started-at="2020-06-04T18:13:55 MST" data-provider="getData" finished-at="2020-06-04T18:13:55 MST">
          <params>
            <param index="0">
              <value>
                <![CDATA[Sarmed]]>
              </value>
            </param>
            <param index="1">
              <value>
                <![CDATA[H]]>
              </value>
            </param>
            <param index="2">
              <value>
                <![CDATA[Halabi]]>
              </value>
            </param>
          </params>
          <reporter-output>
          </reporter-output>
        </test-method> <!-- addERmp -->
        <test-method status="PASS" signature="addERmp(java.lang.String, java.lang.String, java.lang.String)[pri:0, instance:com.hrms.testcases.DataProDemo@48503868]" name="addERmp" duration-ms="1" started-at="2020-06-04T18:13:55 MST" data-provider="getData" finished-at="2020-06-04T18:13:55 MST">
          <params>
            <param index="0">
              <value>
                <![CDATA[Fadwa]]>
              </value>
            </param>
            <param index="1">
              <value>
                <![CDATA[A]]>
              </value>
            </param>
            <param index="2">
              <value>
                <![CDATA[Fadwa]]>
              </value>
            </param>
          </params>
          <reporter-output>
          </reporter-output>
        </test-method> <!-- addERmp -->
        <test-method status="PASS" signature="addERmp(java.lang.String, java.lang.String, java.lang.String)[pri:0, instance:com.hrms.testcases.DataProDemo@48503868]" name="addERmp" duration-ms="1" started-at="2020-06-04T18:13:55 MST" data-provider="getData" finished-at="2020-06-04T18:13:55 MST">
          <params>
            <param index="0">
              <value>
                <![CDATA[Adile]]>
              </value>
            </param>
            <param index="1">
              <value>
                <![CDATA[K]]>
              </value>
            </param>
            <param index="2">
              <value>
                <![CDATA[Karadeniz]]>
              </value>
            </param>
          </params>
          <reporter-output>
          </reporter-output>
        </test-method> <!-- addERmp -->
      </class> <!-- com.hrms.testcases.DataProDemo -->
    </test> <!-- Default test -->
  </suite> <!-- Default suite -->
</testng-results>
